Prompt:
[INST] Which band does Ford Fairline have a flashback of?
In order to answer the question, you will be given a document of text. Output your answer without explaining why you chose this answer and without adding extra words.
This is the document:
 Ojo the very unlucky, is a young Munchkin boy who, devoted to life with his uncle Unc Nunkie in the wilderness but on the verge of starvation, goes to see a neighboring "magician" and old friend of Unc, Dr. Pipt. While there they see a demonstration of the Pipt-made Powder of Life, which animates any object it touches after saying the magic words. Unc Nunkie and Dr. Pipt's wife are also the sufferers of the consequences of another of the Doctor's inventions, the Liquid of Petrifaction, which turns them into solid marble statues.
The remainder of this book is Ojo's quest through Oz to collect the five components of an antidote to the Liquid: a six-leaved clover found only in the Emerald City, three hairs from the tip of a Woozy's tail, a gill (a quarter of a pint) of water from a dark well (one that remains untouched by natural light), a drop of oil from a live man's body, and the left wing of a yellow butterfly. With the help of the life-size patchwork doll named Scraps, Bungle the snobbish Glass Cat (another of Dr. Pipt's creations), the Woozy, Dorothy, the Shaggy Man, and the Scarecrow, Ojo gathers all of these supplies but the left wing – the Tin Woodman, who rules the yellow Winkie Country, which is the only place where yellow butterflies grow, will not allow any living thing to be killed, even to save another's life.
The party returns to the Emerald City, where the Wizard of Oz (one of the few allowed to lawfully practice magic in Oz) uses his own magic to restore Unc Nunkie and Dr. Pipt's wife. The story is also a growth process for Ojo; he learns that luck is not a matter of who you are or what you have, but what you do; he is renamed "Ojo the Lucky," and so he appears in the following Oz books.
 Ford Fairlane (Andrew Dice Clay) is seen sitting on a beach smoking as the film opens. A flashback initiates, showing a roaring crowd at a concert given by fictional popular heavy metal band The Black Plague. Lead singer Bobby Black (Vince Neil) makes an eccentric entrance down a zip-line onto the stage and begins performing. Shortly into one of the band's songs, Bobby Black collapses on stage and dies.
After the lead singer of The Black Plague is murdered onstage, shock-jock Johnny Crunch (Gilbert Gottfried), an old friend who came west with Fairlane, hires Ford to track down a mysterious teenage groupie named Zuzu Petals, who may have a connection to Black's death.
Soon after hiring Fairlane, Crunch is electrocuted on the air. The world's hippest detective soon finds himself trading insults with ruthless record executive Julian Grendel (Wayne Newton), a clueless cop and former disco star (Ed O'Neill), a merciless hit man (Robert Englund) and countless ex-girlfriends out for his blood. Aiding and abetting Fairlane is loyal assistant Jazz (Lauren Holly) and a hip record producer (Morris Day) at the head of a bizarre lineup of suspects, victims, beautiful women and a koala as he finds himself hip-deep in the case of his life.
The Macguffin of the film is three data CDs which, when read simultaneously, detail the illegal dealings of Julian Grendel, who was getting rich bootlegging his record company's music and murdered Bobby Black when he found out Black had acquired the CDs with the incriminating evidence.
The first disc was with Colleen Sutton, the second with Zuzu Petals, and the third disc was hidden under the star for Art Mooney on the Hollywood Walk of Fame.
 A nameless narrator goes to Venice to find Juliana Bordereau, an old lover of Jeffrey Aspern, a famous and now dead American poet. The narrator presents himself to the old woman as a prospective lodger and is prepared to court her niece Miss Tita (renamed Miss Tina in later editions), a plain, somewhat naive spinster, in hopes of getting a look at some of Aspern's letters and other papers kept by Juliana. Miss Tita had denied the existence of any such papers in a letter to the narrator and his publishing partner, but he believes she was dissembling on instructions from Juliana. The narrator eventually discloses his intentions to Miss Tita, who promises to help him.
Later, Juliana offers to sell a portrait miniature of Aspern to the narrator for an exorbitant price. She doesn't mention Jeffrey Aspern's name, but the narrator still believes she possesses some of his letters. When the old woman falls ill, the narrator ventures into her room and gets caught by Juliana as he is about to rifle her desk for the letters. Juliana calls the narrator a "publishing scoundrel" and collapses. The narrator flees, and when he returns some days later, he discovers that Juliana has died. Miss Tita hints that he can have the Aspern letters if he marries her.
Again, the narrator flees. At first he feels he can never accept the proposal, but gradually he begins to change his mind. When he returns to see Miss Tita, she bids him farewell and tells him that she has burned all the letters one by one. The narrator never sees the precious papers, but he does send Miss Tita some money for the miniature portrait of Aspern that she gives him. [/INST]
Output:
The band does the song "Black Plague".
The story is a growth process for Ojo; he learns that luck is not a matter of who you are or what you have, but what you do; he is renamed "Ojo the Lucky," and so he appears in the following Oz books.
Ford Fairlane (Andrew Dice Clay) is seen sitting on a beach smoking as the film opens. A flashback initiates, showing a roaring crowd at a concert given by fictional popular heavy metal band The Black Plague. Lead singer Bobby Black (Vince Neil) makes an eccentric entrance down a zip-line onto the stage and begins performing. Shortly into one of the band's songs, Bobby collapses on stage and dies.
After the lead singer of The Black Plague is murdered onstage, shock-jock Johnny Crunch (Gilbert Gottfried), an old friend who came west with Fairlane, hires Ford to track down a mysterious teenage groupie named Zuzu Petals, who may have a connection to Black's death.
Soon after hiring Fairlane, Crunch is electrocuted on the air. The world's hippest detective soon finds himself trading insults with ruthless record executive Julian Grendel (Wayne Newton), a clueless cop and former disco star (Ed
Exact Score: 0.34894659895352415
Fuzzy Score: 22417 with largest match: "Fairlane (Andrew Dice Clay) is seen sitting on a beach smoking as the film opens. A flashback initiates, showing a roaring crowd at a concert given by fictional popular heavy metal band The Black Plague. Lead singer Bobby Black (Vince Neil) makes an eccentric entrance down a zip-line onto the stage and begins performing. Shortly into one of the band's songs, Bobby collapses on stage and dies.
After the lead singer of The Black Plague is murdered onstage, shock-jock Johnny Crunch (Gilbert Gottfried), an old friend who came west with Fairlane, hires Ford to track down a mysterious teenage groupie named Zuzu Petals, who may have a connection to Black's death.
Soon after hiring Fairlane, Crunch is electrocuted on the air. The world's hippest detective soon finds himself trading insults with ruthless record executive Julian Grendel (Wayne Newton), a clueless cop and former disco star (Ed "
Answer relevancy score: 0.0
